[23-Jul-2024 11:26:25 UTC] PHP Warning:  Trying to access array offset on value of type bool in /home/u651353481/domains/explorelogicsit.net/public_html/bestworldvision/wp-admin/includes/ajax-actions.php on line 4681
[23-Jul-2024 11:26:27 UTC] WordPress database error Duplicate key name 'route_url_index' for query ALTER TABLE `wp_e_notes` ADD INDEX `route_url_index` (`route_url` (191)), ADD INDEX `post_id_index` (`post_id`), ADD INDEX `element_id_index` (`element_id`), ADD INDEX `parent_id_index` (`parent_id`), ADD INDEX `author_id_index` (`author_id`), ADD INDEX `status_index` (`status`), ADD INDEX `is_resolved_index` (`is_resolved`), ADD INDEX `is_public_index` (`is_public`), ADD INDEX `created_at_index` (`created_at`), ADD INDEX `updated_at_index` (`updated_at`), ADD INDEX `last_activity_at_index` (`last_activity_at`); made by do_action('admin_init'), WP_Hook->do_action, WP_Hook->apply_filters, ElementorPro\Core\Database\Base_Database_Updater->ElementorPro\Core\Database\{closure}, ElementorPro\Core\Database\Base_Database_Updater->up, Elementor\Core\Utils\Collection->map, array_map, ElementorPro\Core\Database\Base_Database_Updater->ElementorPro\Core\Database\{closure}, ElementorPro\Modules\Notes\Database\Migrations\Initial->up, ElementorPro\Core\Database\Base_Migration->create_indexes
[23-Jul-2024 11:26:27 UTC] WordPress database error Duplicate key name 'type_index' for query ALTER TABLE `wp_e_notes_users_relations` ADD INDEX `type_index` (`type`), ADD INDEX `note_id_index` (`note_id`), ADD INDEX `user_id_index` (`user_id`); made by do_action('admin_init'), WP_Hook->do_action, WP_Hook->apply_filters, ElementorPro\Core\Database\Base_Database_Updater->ElementorPro\Core\Database\{closure}, ElementorPro\Core\Database\Base_Database_Updater->up, Elementor\Core\Utils\Collection->map, array_map, ElementorPro\Core\Database\Base_Database_Updater->ElementorPro\Core\Database\{closure}, ElementorPro\Modules\Notes\Database\Migrations\Initial->up, ElementorPro\Core\Database\Base_Migration->create_indexes
[23-Jul-2024 11:26:27 UTC] WordPress database error Duplicate column name 'author_display_name' for query ALTER TABLE `wp_e_notes` ADD COLUMN `author_display_name` varchar(250) null comment "Save the author name when the author was deleted." AFTER `author_id`; made by do_action('admin_init'), WP_Hook->do_action, WP_Hook->apply_filters, ElementorPro\Core\Database\Base_Database_Updater->ElementorPro\Core\Database\{closure}, ElementorPro\Core\Database\Base_Database_Updater->up, Elementor\Core\Utils\Collection->map, array_map, ElementorPro\Core\Database\Base_Database_Updater->ElementorPro\Core\Database\{closure}, ElementorPro\Modules\Notes\Database\Migrations\Add_Author_Display_Name->up, ElementorPro\Core\Database\Base_Migration->add_columns
[23-Jul-2024 11:26:27 UTC] WordPress database error Duplicate column name 'route_post_id' for query ALTER TABLE `wp_e_notes` ADD COLUMN `route_post_id` bigint(20) unsigned null comment "The post id of the route that the note was created on." AFTER `route_title`; made by do_action('admin_init'), WP_Hook->do_action, WP_Hook->apply_filters, ElementorPro\Core\Database\Base_Database_Updater->ElementorPro\Core\Database\{closure}, ElementorPro\Core\Database\Base_Database_Updater->up, Elementor\Core\Utils\Collection->map, array_map, ElementorPro\Core\Database\Base_Database_Updater->ElementorPro\Core\Database\{closure}, ElementorPro\Modules\Notes\Database\Migrations\Add_Route_Post_Id->up, ElementorPro\Core\Database\Base_Migration->add_columns
[23-Jul-2024 11:26:27 UTC] WordPress database error Duplicate column name 'position' for query ALTER TABLE `wp_e_notes` ADD COLUMN `position` text null comment "A JSON string that represents the position of the note inside the element in percentages. e.g. {x:10, y:15}" AFTER `status`; made by do_action('admin_init'), WP_Hook->do_action, WP_Hook->apply_filters, ElementorPro\Core\Database\Base_Database_Updater->ElementorPro\Core\Database\{closure}, ElementorPro\Core\Database\Base_Database_Updater->up, Elementor\Core\Utils\Collection->map, array_map, ElementorPro\Core\Database\Base_Database_Updater->ElementorPro\Core\Database\{closure}, ElementorPro\Modules\Notes\Database\Migrations\Add_Note_Position->up, ElementorPro\Core\Database\Base_Migration->add_columns
[23-Jul-2024 11:26:42 UTC] Cron reschedule event error for hook: elementor_1_elementor_pro_updater_cron, Error code: invalid_schedule, Error message: Event schedule does not exist., Data: {"schedule":"elementor_1_elementor_pro_updater_cron_interval","args":[],"interval":300}
[23-Jul-2024 18:01:11 UTC] PHP Warning:  Undefined variable $amountData in /home/u651353481/domains/explorelogicsit.net/public_html/bestworldvision/wp-content/plugins/ameliabooking/src/Application/Services/Placeholder/PlaceholderService.php on line 345
[23-Jul-2024 18:01:11 UTC] PHP Warning:  Trying to access array offset on value of type null in /home/u651353481/domains/explorelogicsit.net/public_html/bestworldvision/wp-content/plugins/ameliabooking/src/Application/Services/Placeholder/PlaceholderService.php on line 345
[23-Jul-2024 18:01:11 UTC] PHP Warning:  Undefined variable $amountData in /home/u651353481/domains/explorelogicsit.net/public_html/bestworldvision/wp-content/plugins/ameliabooking/src/Application/Services/Placeholder/PlaceholderService.php on line 345
[23-Jul-2024 18:01:11 UTC] PHP Warning:  Trying to access array offset on value of type null in /home/u651353481/domains/explorelogicsit.net/public_html/bestworldvision/wp-content/plugins/ameliabooking/src/Application/Services/Placeholder/PlaceholderService.php on line 345
[23-Jul-2024 18:01:11 UTC] PHP Deprecated:  number_format(): Passing null to parameter #1 ($num) of type float is deprecated in /home/u651353481/domains/explorelogicsit.net/public_html/bestworldvision/wp-content/plugins/ameliabooking/src/Application/Services/Helper/HelperService.php on line 74
[23-Jul-2024 18:07:14 UTC] PHP Warning:  Attempt to read property "term_id" on array in /home/u651353481/domains/explorelogicsit.net/public_html/bestworldvision/wp-content/plugins/hoteller-elementor/widgets/accommodation-types.php on line 105
[23-Jul-2024 18:07:14 UTC] PHP Warning:  Attempt to read property "name" on array in /home/u651353481/domains/explorelogicsit.net/public_html/bestworldvision/wp-content/plugins/hoteller-elementor/widgets/accommodation-types.php on line 105
[23-Jul-2024 18:07:14 UTC] PHP Warning:  Attempt to read property "term_id" on array in /home/u651353481/domains/explorelogicsit.net/public_html/bestworldvision/wp-content/plugins/hoteller-elementor/widgets/accommodation-types.php on line 105
[23-Jul-2024 18:07:14 UTC] PHP Warning:  Attempt to read property "name" on array in /home/u651353481/domains/explorelogicsit.net/public_html/bestworldvision/wp-content/plugins/hoteller-elementor/widgets/accommodation-types.php on line 105
[23-Jul-2024 18:07:14 UTC] PHP Warning:  Attempt to read property "term_id" on array in /home/u651353481/domains/explorelogicsit.net/public_html/bestworldvision/wp-content/plugins/hoteller-elementor/widgets/accommodation-carousel.php on line 106
[23-Jul-2024 18:07:14 UTC] PHP Warning:  Attempt to read property "name" on array in /home/u651353481/domains/explorelogicsit.net/public_html/bestworldvision/wp-content/plugins/hoteller-elementor/widgets/accommodation-carousel.php on line 106
[23-Jul-2024 18:07:14 UTC] PHP Warning:  Attempt to read property "term_id" on array in /home/u651353481/domains/explorelogicsit.net/public_html/bestworldvision/wp-content/plugins/hoteller-elementor/widgets/accommodation-carousel.php on line 106
[23-Jul-2024 18:07:14 UTC] PHP Warning:  Attempt to read property "name" on array in /home/u651353481/domains/explorelogicsit.net/public_html/bestworldvision/wp-content/plugins/hoteller-elementor/widgets/accommodation-carousel.php on line 106
[24-Jul-2024 05:32:43 UTC] PHP Deprecated:  Constant FILTER_SANITIZE_STRING is deprecated in /home/u651353481/domains/explorelogicsit.net/public_html/bestworldvision/wp-content/plugins/custom-fonts/admin/bsf-analytics/class-bsf-analytics-stats.php on line 71
[24-Jul-2024 05:32:45 UTC] Automatic updates starting...
[24-Jul-2024 05:32:47 UTC]   Automatic plugin updates starting...
[24-Jul-2024 05:32:47 UTC]   Automatic plugin updates complete.
[24-Jul-2024 05:32:48 UTC]   Automatic theme updates starting...
[24-Jul-2024 05:32:48 UTC]   Automatic theme updates complete.
[24-Jul-2024 05:32:48 UTC] Automatic updates complete.
[24-Jul-2024 05:32:48 UTC] PHP Deprecated:  Return type of Requests_Utility_FilteredIterator::unserialize($serialized) should either be compatible with ArrayIterator::unserialize(string $data): void, or the #[\ReturnTypeWillChange] attribute should be used to temporarily suppress the notice in /home/u651353481/domains/explorelogicsit.net/public_html/bestworldvision/wp-content/plugins/ameliabooking/vendor/rmccue/requests/library/Requests/Utility/FilteredIterator.php on line 53
[24-Jul-2024 05:32:48 UTC] PHP Deprecated:  Return type of Requests_Utility_FilteredIterator::__unserialize($serialized) should either be compatible with ArrayIterator::__unserialize(array $data): void, or the #[\ReturnTypeWillChange] attribute should be used to temporarily suppress the notice in /home/u651353481/domains/explorelogicsit.net/public_html/bestworldvision/wp-content/plugins/ameliabooking/vendor/rmccue/requests/library/Requests/Utility/FilteredIterator.php on line 60
[24-Jul-2024 05:32:48 UTC] PHP Deprecated:  Return type of Requests_Utility_FilteredIterator::current() should either be compatible with ArrayIterator::current(): mixed, or the #[\ReturnTypeWillChange] attribute should be used to temporarily suppress the notice in /home/u651353481/domains/explorelogicsit.net/public_html/bestworldvision/wp-content/plugins/ameliabooking/vendor/rmccue/requests/library/Requests/Utility/FilteredIterator.php on line 40
[24-Jul-2024 06:13:03 UTC] PHP Warning:  Attempt to read property "term_id" on array in /home/u651353481/domains/explorelogicsit.net/public_html/bestworldvision/wp-content/plugins/hoteller-elementor/widgets/accommodation-types.php on line 105
[24-Jul-2024 06:13:03 UTC] PHP Warning:  Attempt to read property "name" on array in /home/u651353481/domains/explorelogicsit.net/public_html/bestworldvision/wp-content/plugins/hoteller-elementor/widgets/accommodation-types.php on line 105
[24-Jul-2024 06:13:03 UTC] PHP Warning:  Attempt to read property "term_id" on array in /home/u651353481/domains/explorelogicsit.net/public_html/bestworldvision/wp-content/plugins/hoteller-elementor/widgets/accommodation-types.php on line 105
[24-Jul-2024 06:13:03 UTC] PHP Warning:  Attempt to read property "name" on array in /home/u651353481/domains/explorelogicsit.net/public_html/bestworldvision/wp-content/plugins/hoteller-elementor/widgets/accommodation-types.php on line 105
[24-Jul-2024 06:13:03 UTC] PHP Warning:  Attempt to read property "term_id" on array in /home/u651353481/domains/explorelogicsit.net/public_html/bestworldvision/wp-content/plugins/hoteller-elementor/widgets/accommodation-carousel.php on line 106
[24-Jul-2024 06:13:03 UTC] PHP Warning:  Attempt to read property "name" on array in /home/u651353481/domains/explorelogicsit.net/public_html/bestworldvision/wp-content/plugins/hoteller-elementor/widgets/accommodation-carousel.php on line 106
[24-Jul-2024 06:13:03 UTC] PHP Warning:  Attempt to read property "term_id" on array in /home/u651353481/domains/explorelogicsit.net/public_html/bestworldvision/wp-content/plugins/hoteller-elementor/widgets/accommodation-carousel.php on line 106
[24-Jul-2024 06:13:03 UTC] PHP Warning:  Attempt to read property "name" on array in /home/u651353481/domains/explorelogicsit.net/public_html/bestworldvision/wp-content/plugins/hoteller-elementor/widgets/accommodation-carousel.php on line 106
[24-Jul-2024 07:58:37 UTC] PHP Warning:  Attempt to read property "term_id" on array in /home/u651353481/domains/explorelogicsit.net/public_html/bestworldvision/wp-content/plugins/hoteller-elementor/widgets/accommodation-types.php on line 105
[24-Jul-2024 07:58:37 UTC] PHP Warning:  Attempt to read property "name" on array in /home/u651353481/domains/explorelogicsit.net/public_html/bestworldvision/wp-content/plugins/hoteller-elementor/widgets/accommodation-types.php on line 105
[24-Jul-2024 07:58:37 UTC] PHP Warning:  Attempt to read property "term_id" on array in /home/u651353481/domains/explorelogicsit.net/public_html/bestworldvision/wp-content/plugins/hoteller-elementor/widgets/accommodation-types.php on line 105
[24-Jul-2024 07:58:37 UTC] PHP Warning:  Attempt to read property "name" on array in /home/u651353481/domains/explorelogicsit.net/public_html/bestworldvision/wp-content/plugins/hoteller-elementor/widgets/accommodation-types.php on line 105
[24-Jul-2024 07:58:37 UTC] PHP Warning:  Attempt to read property "term_id" on array in /home/u651353481/domains/explorelogicsit.net/public_html/bestworldvision/wp-content/plugins/hoteller-elementor/widgets/accommodation-carousel.php on line 106
[24-Jul-2024 07:58:37 UTC] PHP Warning:  Attempt to read property "name" on array in /home/u651353481/domains/explorelogicsit.net/public_html/bestworldvision/wp-content/plugins/hoteller-elementor/widgets/accommodation-carousel.php on line 106
[24-Jul-2024 07:58:37 UTC] PHP Warning:  Attempt to read property "term_id" on array in /home/u651353481/domains/explorelogicsit.net/public_html/bestworldvision/wp-content/plugins/hoteller-elementor/widgets/accommodation-carousel.php on line 106
[24-Jul-2024 07:58:37 UTC] PHP Warning:  Attempt to read property "name" on array in /home/u651353481/domains/explorelogicsit.net/public_html/bestworldvision/wp-content/plugins/hoteller-elementor/widgets/accommodation-carousel.php on line 106
[24-Jul-2024 09:18:56 UTC] Automatic updates starting...
[24-Jul-2024 09:18:58 UTC]   Automatic plugin updates starting...
[24-Jul-2024 09:18:58 UTC]   Automatic plugin updates complete.
[24-Jul-2024 09:18:59 UTC]   Automatic theme updates starting...
[24-Jul-2024 09:18:59 UTC]   Automatic theme updates complete.
[24-Jul-2024 09:18:59 UTC] Automatic updates complete.
[25-Jul-2024 05:19:47 UTC] Automatic updates starting...
[25-Jul-2024 05:19:50 UTC]   Automatic plugin updates starting...
[25-Jul-2024 05:19:50 UTC]   Automatic plugin updates complete.
[25-Jul-2024 05:19:51 UTC]   Automatic theme updates starting...
[25-Jul-2024 05:19:51 UTC]   Automatic theme updates complete.
[25-Jul-2024 05:19:51 UTC] Automatic updates complete.
[25-Jul-2024 05:26:57 UTC] PHP Warning:  Attempt to read property "is_block_editor" on null in /home/u651353481/domains/explorelogicsit.net/public_html/bestworldvision/wp-content/plugins/elementor/modules/ai/module.php on line 186
[25-Jul-2024 05:26:58 UTC] PHP Deprecated:  Function print_emoji_styles is <strong>deprecated</strong> since version 6.4.0! Use wp_enqueue_emoji_styles instead. in /home/u651353481/domains/explorelogicsit.net/public_html/bestworldvision/wp-includes/functions.php on line 6085
[25-Jul-2024 05:31:20 UTC] PHP Warning:  Attempt to read property "term_id" on array in /home/u651353481/domains/explorelogicsit.net/public_html/bestworldvision/wp-content/plugins/hoteller-elementor/widgets/accommodation-types.php on line 105
[25-Jul-2024 05:31:20 UTC] PHP Warning:  Attempt to read property "name" on array in /home/u651353481/domains/explorelogicsit.net/public_html/bestworldvision/wp-content/plugins/hoteller-elementor/widgets/accommodation-types.php on line 105
[25-Jul-2024 05:31:20 UTC] PHP Warning:  Attempt to read property "term_id" on array in /home/u651353481/domains/explorelogicsit.net/public_html/bestworldvision/wp-content/plugins/hoteller-elementor/widgets/accommodation-types.php on line 105
[25-Jul-2024 05:31:20 UTC] PHP Warning:  Attempt to read property "name" on array in /home/u651353481/domains/explorelogicsit.net/public_html/bestworldvision/wp-content/plugins/hoteller-elementor/widgets/accommodation-types.php on line 105
[25-Jul-2024 05:31:20 UTC] PHP Warning:  Attempt to read property "term_id" on array in /home/u651353481/domains/explorelogicsit.net/public_html/bestworldvision/wp-content/plugins/hoteller-elementor/widgets/accommodation-carousel.php on line 106
[25-Jul-2024 05:31:20 UTC] PHP Warning:  Attempt to read property "name" on array in /home/u651353481/domains/explorelogicsit.net/public_html/bestworldvision/wp-content/plugins/hoteller-elementor/widgets/accommodation-carousel.php on line 106
[25-Jul-2024 05:31:20 UTC] PHP Warning:  Attempt to read property "term_id" on array in /home/u651353481/domains/explorelogicsit.net/public_html/bestworldvision/wp-content/plugins/hoteller-elementor/widgets/accommodation-carousel.php on line 106
[25-Jul-2024 05:31:20 UTC] PHP Warning:  Attempt to read property "name" on array in /home/u651353481/domains/explorelogicsit.net/public_html/bestworldvision/wp-content/plugins/hoteller-elementor/widgets/accommodation-carousel.php on line 106
[25-Jul-2024 05:43:46 UTC] PHP Warning:  Attempt to read property "is_block_editor" on null in /home/u651353481/domains/explorelogicsit.net/public_html/bestworldvision/wp-content/plugins/elementor/modules/ai/module.php on line 186
[25-Jul-2024 05:43:46 UTC] PHP Deprecated:  Function print_emoji_styles is <strong>deprecated</strong> since version 6.4.0! Use wp_enqueue_emoji_styles instead. in /home/u651353481/domains/explorelogicsit.net/public_html/bestworldvision/wp-includes/functions.php on line 6085
[25-Jul-2024 05:44:05 UTC] PHP Warning:  Attempt to read property "term_id" on array in /home/u651353481/domains/explorelogicsit.net/public_html/bestworldvision/wp-content/plugins/hoteller-elementor/widgets/accommodation-types.php on line 105
[25-Jul-2024 05:44:05 UTC] PHP Warning:  Attempt to read property "name" on array in /home/u651353481/domains/explorelogicsit.net/public_html/bestworldvision/wp-content/plugins/hoteller-elementor/widgets/accommodation-types.php on line 105
[25-Jul-2024 05:44:05 UTC] PHP Warning:  Attempt to read property "term_id" on array in /home/u651353481/domains/explorelogicsit.net/public_html/bestworldvision/wp-content/plugins/hoteller-elementor/widgets/accommodation-types.php on line 105
[25-Jul-2024 05:44:05 UTC] PHP Warning:  Attempt to read property "name" on array in /home/u651353481/domains/explorelogicsit.net/public_html/bestworldvision/wp-content/plugins/hoteller-elementor/widgets/accommodation-types.php on line 105
[25-Jul-2024 05:44:05 UTC] PHP Warning:  Attempt to read property "term_id" on array in /home/u651353481/domains/explorelogicsit.net/public_html/bestworldvision/wp-content/plugins/hoteller-elementor/widgets/accommodation-carousel.php on line 106
[25-Jul-2024 05:44:05 UTC] PHP Warning:  Attempt to read property "name" on array in /home/u651353481/domains/explorelogicsit.net/public_html/bestworldvision/wp-content/plugins/hoteller-elementor/widgets/accommodation-carousel.php on line 106
[25-Jul-2024 05:44:05 UTC] PHP Warning:  Attempt to read property "term_id" on array in /home/u651353481/domains/explorelogicsit.net/public_html/bestworldvision/wp-content/plugins/hoteller-elementor/widgets/accommodation-carousel.php on line 106
[25-Jul-2024 05:44:05 UTC] PHP Warning:  Attempt to read property "name" on array in /home/u651353481/domains/explorelogicsit.net/public_html/bestworldvision/wp-content/plugins/hoteller-elementor/widgets/accommodation-carousel.php on line 106
[25-Jul-2024 07:06:10 UTC] PHP Warning:  Attempt to read property "is_block_editor" on null in /home/u651353481/domains/explorelogicsit.net/public_html/bestworldvision/wp-content/plugins/elementor/modules/ai/module.php on line 186
[25-Jul-2024 07:06:10 UTC] PHP Deprecated:  Function print_emoji_styles is <strong>deprecated</strong> since version 6.4.0! Use wp_enqueue_emoji_styles instead. in /home/u651353481/domains/explorelogicsit.net/public_html/bestworldvision/wp-includes/functions.php on line 6085
[25-Jul-2024 08:02:38 UTC] PHP Warning:  Attempt to read property "term_id" on array in /home/u651353481/domains/explorelogicsit.net/public_html/bestworldvision/wp-content/plugins/hoteller-elementor/widgets/accommodation-types.php on line 105
[25-Jul-2024 08:02:38 UTC] PHP Warning:  Attempt to read property "name" on array in /home/u651353481/domains/explorelogicsit.net/public_html/bestworldvision/wp-content/plugins/hoteller-elementor/widgets/accommodation-types.php on line 105
[25-Jul-2024 08:02:38 UTC] PHP Warning:  Attempt to read property "term_id" on array in /home/u651353481/domains/explorelogicsit.net/public_html/bestworldvision/wp-content/plugins/hoteller-elementor/widgets/accommodation-types.php on line 105
[25-Jul-2024 08:02:38 UTC] PHP Warning:  Attempt to read property "name" on array in /home/u651353481/domains/explorelogicsit.net/public_html/bestworldvision/wp-content/plugins/hoteller-elementor/widgets/accommodation-types.php on line 105
[25-Jul-2024 08:02:38 UTC] PHP Warning:  Attempt to read property "term_id" on array in /home/u651353481/domains/explorelogicsit.net/public_html/bestworldvision/wp-content/plugins/hoteller-elementor/widgets/accommodation-carousel.php on line 106
[25-Jul-2024 08:02:38 UTC] PHP Warning:  Attempt to read property "name" on array in /home/u651353481/domains/explorelogicsit.net/public_html/bestworldvision/wp-content/plugins/hoteller-elementor/widgets/accommodation-carousel.php on line 106
[25-Jul-2024 08:02:38 UTC] PHP Warning:  Attempt to read property "term_id" on array in /home/u651353481/domains/explorelogicsit.net/public_html/bestworldvision/wp-content/plugins/hoteller-elementor/widgets/accommodation-carousel.php on line 106
[25-Jul-2024 08:02:38 UTC] PHP Warning:  Attempt to read property "name" on array in /home/u651353481/domains/explorelogicsit.net/public_html/bestworldvision/wp-content/plugins/hoteller-elementor/widgets/accommodation-carousel.php on line 106
[25-Jul-2024 08:02:38 UTC] PHP Warning:  Attempt to read property "term_id" on array in /home/u651353481/domains/explorelogicsit.net/public_html/bestworldvision/wp-content/plugins/hoteller-elementor/widgets/accommodation-types.php on line 105
[25-Jul-2024 08:02:38 UTC] PHP Warning:  Attempt to read property "name" on array in /home/u651353481/domains/explorelogicsit.net/public_html/bestworldvision/wp-content/plugins/hoteller-elementor/widgets/accommodation-types.php on line 105
[25-Jul-2024 08:02:38 UTC] PHP Warning:  Attempt to read property "term_id" on array in /home/u651353481/domains/explorelogicsit.net/public_html/bestworldvision/wp-content/plugins/hoteller-elementor/widgets/accommodation-types.php on line 105
[25-Jul-2024 08:02:38 UTC] PHP Warning:  Attempt to read property "name" on array in /home/u651353481/domains/explorelogicsit.net/public_html/bestworldvision/wp-content/plugins/hoteller-elementor/widgets/accommodation-types.php on line 105
[25-Jul-2024 08:02:38 UTC] PHP Warning:  Attempt to read property "term_id" on array in /home/u651353481/domains/explorelogicsit.net/public_html/bestworldvision/wp-content/plugins/hoteller-elementor/widgets/accommodation-carousel.php on line 106
[25-Jul-2024 08:02:38 UTC] PHP Warning:  Attempt to read property "name" on array in /home/u651353481/domains/explorelogicsit.net/public_html/bestworldvision/wp-content/plugins/hoteller-elementor/widgets/accommodation-carousel.php on line 106
[25-Jul-2024 08:02:38 UTC] PHP Warning:  Attempt to read property "term_id" on array in /home/u651353481/domains/explorelogicsit.net/public_html/bestworldvision/wp-content/plugins/hoteller-elementor/widgets/accommodation-carousel.php on line 106
[25-Jul-2024 08:02:38 UTC] PHP Warning:  Attempt to read property "name" on array in /home/u651353481/domains/explorelogicsit.net/public_html/bestworldvision/wp-content/plugins/hoteller-elementor/widgets/accommodation-carousel.php on line 106
[25-Jul-2024 09:20:21 UTC] Automatic updates starting...
[25-Jul-2024 09:20:24 UTC]   Automatic plugin updates starting...
[25-Jul-2024 09:20:24 UTC]   Automatic plugin updates complete.
[25-Jul-2024 09:20:24 UTC]   Automatic theme updates starting...
[25-Jul-2024 09:20:24 UTC]   Automatic theme updates complete.
[25-Jul-2024 09:20:24 UTC] Automatic updates complete.
[25-Jul-2024 09:45:58 UTC] PHP Warning:  Attempt to read property "term_id" on array in /home/u651353481/domains/explorelogicsit.net/public_html/bestworldvision/wp-content/plugins/hoteller-elementor/widgets/accommodation-types.php on line 105
[25-Jul-2024 09:45:58 UTC] PHP Warning:  Attempt to read property "name" on array in /home/u651353481/domains/explorelogicsit.net/public_html/bestworldvision/wp-content/plugins/hoteller-elementor/widgets/accommodation-types.php on line 105
[25-Jul-2024 09:45:58 UTC] PHP Warning:  Attempt to read property "term_id" on array in /home/u651353481/domains/explorelogicsit.net/public_html/bestworldvision/wp-content/plugins/hoteller-elementor/widgets/accommodation-types.php on line 105
[25-Jul-2024 09:45:58 UTC] PHP Warning:  Attempt to read property "name" on array in /home/u651353481/domains/explorelogicsit.net/public_html/bestworldvision/wp-content/plugins/hoteller-elementor/widgets/accommodation-types.php on line 105
[25-Jul-2024 09:45:58 UTC] PHP Warning:  Attempt to read property "term_id" on array in /home/u651353481/domains/explorelogicsit.net/public_html/bestworldvision/wp-content/plugins/hoteller-elementor/widgets/accommodation-carousel.php on line 106
[25-Jul-2024 09:45:58 UTC] PHP Warning:  Attempt to read property "name" on array in /home/u651353481/domains/explorelogicsit.net/public_html/bestworldvision/wp-content/plugins/hoteller-elementor/widgets/accommodation-carousel.php on line 106
[25-Jul-2024 09:45:58 UTC] PHP Warning:  Attempt to read property "term_id" on array in /home/u651353481/domains/explorelogicsit.net/public_html/bestworldvision/wp-content/plugins/hoteller-elementor/widgets/accommodation-carousel.php on line 106
[25-Jul-2024 09:45:58 UTC] PHP Warning:  Attempt to read property "name" on array in /home/u651353481/domains/explorelogicsit.net/public_html/bestworldvision/wp-content/plugins/hoteller-elementor/widgets/accommodation-carousel.php on line 106
[26-Jul-2024 05:48:23 UTC] PHP Deprecated:  Constant FILTER_SANITIZE_STRING is deprecated in /home/u651353481/domains/explorelogicsit.net/public_html/bestworldvision/wp-content/plugins/custom-fonts/admin/bsf-analytics/class-bsf-analytics-stats.php on line 71
[26-Jul-2024 05:48:26 UTC] Automatic updates starting...
[26-Jul-2024 05:48:28 UTC]   Automatic plugin updates starting...
[26-Jul-2024 05:48:28 UTC]   Automatic plugin updates complete.
[26-Jul-2024 05:48:29 UTC]   Automatic theme updates starting...
[26-Jul-2024 05:48:29 UTC]   Automatic theme updates complete.
[26-Jul-2024 05:48:29 UTC] Automatic updates complete.
[26-Jul-2024 09:44:29 UTC] Automatic updates starting...
[26-Jul-2024 09:44:32 UTC]   Automatic plugin updates starting...
[26-Jul-2024 09:44:32 UTC]   Automatic plugin updates complete.
[26-Jul-2024 09:44:32 UTC]   Automatic theme updates starting...
[26-Jul-2024 09:44:32 UTC]   Automatic theme updates complete.
[26-Jul-2024 09:44:32 UTC] Automatic updates complete.
[26-Jul-2024 09:52:14 UTC] PHP Warning:  Attempt to read property "term_id" on array in /home/u651353481/domains/explorelogicsit.net/public_html/bestworldvision/wp-content/plugins/hoteller-elementor/widgets/accommodation-types.php on line 105
[26-Jul-2024 09:52:14 UTC] PHP Warning:  Attempt to read property "name" on array in /home/u651353481/domains/explorelogicsit.net/public_html/bestworldvision/wp-content/plugins/hoteller-elementor/widgets/accommodation-types.php on line 105
[26-Jul-2024 09:52:14 UTC] PHP Warning:  Attempt to read property "term_id" on array in /home/u651353481/domains/explorelogicsit.net/public_html/bestworldvision/wp-content/plugins/hoteller-elementor/widgets/accommodation-types.php on line 105
[26-Jul-2024 09:52:14 UTC] PHP Warning:  Attempt to read property "name" on array in /home/u651353481/domains/explorelogicsit.net/public_html/bestworldvision/wp-content/plugins/hoteller-elementor/widgets/accommodation-types.php on line 105
[26-Jul-2024 09:52:14 UTC] PHP Warning:  Attempt to read property "term_id" on array in /home/u651353481/domains/explorelogicsit.net/public_html/bestworldvision/wp-content/plugins/hoteller-elementor/widgets/accommodation-carousel.php on line 106
[26-Jul-2024 09:52:14 UTC] PHP Warning:  Attempt to read property "name" on array in /home/u651353481/domains/explorelogicsit.net/public_html/bestworldvision/wp-content/plugins/hoteller-elementor/widgets/accommodation-carousel.php on line 106
[26-Jul-2024 09:52:14 UTC] PHP Warning:  Attempt to read property "term_id" on array in /home/u651353481/domains/explorelogicsit.net/public_html/bestworldvision/wp-content/plugins/hoteller-elementor/widgets/accommodation-carousel.php on line 106
[26-Jul-2024 09:52:14 UTC] PHP Warning:  Attempt to read property "name" on array in /home/u651353481/domains/explorelogicsit.net/public_html/bestworldvision/wp-content/plugins/hoteller-elementor/widgets/accommodation-carousel.php on line 106
[26-Jul-2024 09:59:24 UTC] PHP Warning:  Attempt to read property "term_id" on array in /home/u651353481/domains/explorelogicsit.net/public_html/bestworldvision/wp-content/plugins/hoteller-elementor/widgets/accommodation-types.php on line 105
[26-Jul-2024 09:59:24 UTC] PHP Warning:  Attempt to read property "name" on array in /home/u651353481/domains/explorelogicsit.net/public_html/bestworldvision/wp-content/plugins/hoteller-elementor/widgets/accommodation-types.php on line 105
[26-Jul-2024 09:59:24 UTC] PHP Warning:  Attempt to read property "term_id" on array in /home/u651353481/domains/explorelogicsit.net/public_html/bestworldvision/wp-content/plugins/hoteller-elementor/widgets/accommodation-types.php on line 105
[26-Jul-2024 09:59:24 UTC] PHP Warning:  Attempt to read property "name" on array in /home/u651353481/domains/explorelogicsit.net/public_html/bestworldvision/wp-content/plugins/hoteller-elementor/widgets/accommodation-types.php on line 105
[26-Jul-2024 09:59:24 UTC] PHP Warning:  Attempt to read property "term_id" on array in /home/u651353481/domains/explorelogicsit.net/public_html/bestworldvision/wp-content/plugins/hoteller-elementor/widgets/accommodation-carousel.php on line 106
[26-Jul-2024 09:59:24 UTC] PHP Warning:  Attempt to read property "name" on array in /home/u651353481/domains/explorelogicsit.net/public_html/bestworldvision/wp-content/plugins/hoteller-elementor/widgets/accommodation-carousel.php on line 106
[26-Jul-2024 09:59:24 UTC] PHP Warning:  Attempt to read property "term_id" on array in /home/u651353481/domains/explorelogicsit.net/public_html/bestworldvision/wp-content/plugins/hoteller-elementor/widgets/accommodation-carousel.php on line 106
[26-Jul-2024 09:59:24 UTC] PHP Warning:  Attempt to read property "name" on array in /home/u651353481/domains/explorelogicsit.net/public_html/bestworldvision/wp-content/plugins/hoteller-elementor/widgets/accommodation-carousel.php on line 106
